#
# A fatal error has been detected by the Java Runtime Environment:
#
#  SIGSEGV (0xb) at pc=0x000000010ef41f90, pid=3204, tid=0x0000000000000307
#
# JRE version: Java(TM) SE Runtime Environment (8.0_111-b14) (build 1.8.0_111-b14)
# Java VM: Java HotSpot(TM) 64-Bit Server VM (25.111-b14 mixed mode bsd-amd64 compressed oops)
# Problematic frame:
# V  [libjvm.dylib+0x341f90]
#
# Failed to write core dump. Core dumps have been disabled. To enable core dumping, try "ulimit -c unlimited" before starting Java again
#
# If you would like to submit a bug report, please visit:
#   http://bugreport.java.com/bugreport/crash.jsp
#

---------------  T H R E A D  ---------------

Current thread is native thread

siginfo: si_signo: 11 (SIGSEGV), si_code: 1 (SEGV_MAPERR), si_addr: 0x0000000000000038

Registers:
RAX=0x0000000000000000, RBX=0x00007fb7039d4928, RCX=0x0000000000000000, RDX=0x00000000000787b0
RSP=0x00007fff5207a320, RBP=0x00007fff5207a320, RSI=0x00007fb7039d4928, RDI=0x0000000000000038
R8 =0x0000000000000000, R9 =0x00007fb70b4811b0, R10=0x0000000000000001, R11=0x0000000000000001
R12=0x00007fb703981d01, R13=0x00000001337e9030, R14=0x00007fb7030c39f8, R15=0x0000000000000000
RIP=0x000000010ef41f90, EFLAGS=0x0000000000010202, ERR=0x0000000000000004
  TRAPNO=0x000000000000000e

Top of Stack: (sp=0x00007fff5207a320)
0x00007fff5207a320:   00007fff5207a350 000000010ef22b6e
0x00007fff5207a330:   00007fb703981d01 00007fb70b483960
0x00007fff5207a340:   00007fb70b483920 00007fb70382b220
0x00007fff5207a350:   00007fff5207a370 000000013164e62d
0x00007fff5207a360:   0000000000000000 00007fb70b483960
0x00007fff5207a370:   00007fff5207a390 0000000131655f7e
0x00007fff5207a380:   00007fb70b483920 00000001337e9000
0x00007fff5207a390:   00007fff5207a3b0 0000000131655f0e
0x00007fff5207a3a0:   0000000132be8e90 00000000000009d8
0x00007fff5207a3b0:   00007fff5207a3e0 000000013165c8d4
0x00007fff5207a3c0:   00000001338af430 00000000000009d8
0x00007fff5207a3d0:   00000001337e9000 00000001337e99f0
0x00007fff5207a3e0:   00007fff5207a420 00000001320377c8
0x00007fff5207a3f0:   0000000000000000 00000001337e9000
0x00007fff5207a400:   00007fb703981d30 00007fb7042b5000
0x00007fff5207a410:   00000001338a0448 00000000000002a0
0x00007fff5207a420:   00007fff5207a440 0000000132037c78
0x00007fff5207a430:   00000001338a0000 0000000000000000
0x00007fff5207a440:   00007fff5207a460 0000000132045c69
0x00007fff5207a450:   00000001338a0000 00007fb703981d30
0x00007fff5207a460:   00007fff5207a4b0 0000000132042f89
0x00007fff5207a470:   00007fff5207a4c0 41188cd11fb3a194
0x00007fff5207a480:   00007fb7042b52a0 0000000000000000
0x00007fff5207a490:   0000000000000000 00007fb7042b5018
0x00007fff5207a4a0:   00007fff5207a4d0 00007fb703989360
0x00007fff5207a4b0:   00007fff5207a500 0000000132042bbb
0x00007fff5207a4c0:   00007fb7042b5000 00007fb701e67500
0x00007fff5207a4d0:   0000000000000000 00007fb703989360
0x00007fff5207a4e0:   00007fb701e0dca0 00007fb7039867e0
0x00007fff5207a4f0:   00007fb7039867f8 00007fb701e0dd80
0x00007fff5207a500:   00007fff5207a510 00007fff83e48e04
0x00007fff5207a510:   00007fff5207b5a0 00007fff83e48a93 

Instructions: (pc=0x000000010ef41f90)
0x000000010ef41f70:   00 01 00 00 48 8d 0c c8 48 39 f1 77 e7 48 8b 80
0x000000010ef41f80:   08 01 00 00 48 85 c0 75 df 48 81 c7 18 01 00 00
0x000000010ef41f90:   48 8b 3f 48 85 ff 74 05 48 89 f8 eb e7 30 c0 0f
0x000000010ef41fa0:   b6 c0 5d c3 55 48 89 e5 48 8b 8f 08 01 00 00 48 

Register to memory mapping:

RAX=0x0000000000000000 is an unknown value
RBX=0x00007fb7039d4928 is a global jni handle
RCX=0x0000000000000000 is an unknown value
RDX=0x00000000000787b0 is an unknown value
RSP=0x00007fff5207a320 is an unknown value
RBP=0x00007fff5207a320 is an unknown value
RSI=0x00007fb7039d4928 is a global jni handle
RDI=0x0000000000000038 is an unknown value
R8 =0x0000000000000000 is an unknown value
R9 =0x00007fb70b4811b0 is an unknown value
R10=0x0000000000000001 is an unknown value
R11=0x0000000000000001 is an unknown value
R12=0x00007fb703981d01 is an unknown value
R13=0x00000001337e9030 is an unknown value
R14=0x00007fb7030c39f8 is an unknown value
R15=0x0000000000000000 is an unknown value


Stack: [0x00007fff51881000,0x00007fff52081000],  sp=0x00007fff5207a320,  free space=8164k
Native frames: (J=compiled Java code, j=interpreted, Vv=VM code, C=native code)
V  [libjvm.dylib+0x341f90]
V  [libjvm.dylib+0x322b6e]
C  [libjfxwebkit.dylib+0x4ec62d]  _ZN3JSC8Bindings14JobjectWrapperD1Ev+0x1d
C  [libjfxwebkit.dylib+0x4f3f7e]  _ZN3JSC8Bindings12JavaInstanceD2Ev+0x3e
C  [libjfxwebkit.dylib+0x4f3f0e]  _ZN3JSC8Bindings12JavaInstanceD0Ev+0xe
C  [libjfxwebkit.dylib+0x4fa8d4]  _ZN3JSC8Bindings10RootObject8finalizeENS_6HandleINS_7UnknownEEEPv+0x24
C  [libjfxwebkit.dylib+0xed57c8]  _ZN3JSC9WeakBlock5sweepEv+0x68
C  [libjfxwebkit.dylib+0xed5c78]  _ZN3JSC7WeakSet5sweepEv+0x28
C  [libjfxwebkit.dylib+0xee3c69]  _ZN3JSC11MarkedBlock5sweepENS0_9SweepModeE+0x19
C  [libjfxwebkit.dylib+0xee0f89]  _ZN3JSC18IncrementalSweeper7doSweepEd+0x99
C  [libjfxwebkit.dylib+0xee0bbb]  _ZN3JSC9HeapTimer12timerDidFireEP16__CFRunLoopTimerPv+0xab
C  [CoreFoundation+0x8de04]  __CFRUNLOOP_IS_CALLING_OUT_TO_A_TIMER_CALLBACK_FUNCTION__+0x14
C  [CoreFoundation+0x8da93]  __CFRunLoopDoTimer+0x433
C  [CoreFoundation+0x8d5ea]  __CFRunLoopDoTimers+0x12a
C  [CoreFoundation+0x84fc1]  __CFRunLoopRun+0x821
C  [CoreFoundation+0x84544]  CFRunLoopRunSpecific+0x1a4
C  [java+0x6465]  CreateExecutionEnvironment+0x367
C  [java+0x218c]  JLI_Launch+0x7a0
C  [java+0x84c2]  main+0x65
C  [java+0x19e4]  start+0x34


---------------  P R O C E S S  ---------------

VM state:not at safepoint (normal execution)

VM Mutex/Monitor currently owned by a thread: None

Heap:
 PSYoungGen      total 76288K, used 28304K [0x000000076ab00000, 0x0000000774000000, 0x00000007c0000000)
  eden space 65536K, 43% used [0x000000076ab00000,0x000000076c6a43e0,0x000000076eb00000)
  from space 10752K, 0% used [0x000000076f580000,0x000000076f580000,0x0000000770000000)
  to   space 10752K, 0% used [0x000000076eb00000,0x000000076eb00000,0x000000076f580000)
 ParOldGen       total 110592K, used 10127K [0x00000006c0000000, 0x00000006c6c00000, 0x000000076ab00000)
  object space 110592K, 9% used [0x00000006c0000000,0x00000006c09e3d00,0x00000006c6c00000)
 Metaspace       used 23017K, capacity 23796K, committed 24064K, reserved 1071104K
  class space    used 3046K, capacity 3239K, committed 3328K, reserved 1048576K

Card table byte_map: [0x0000000110058000,0x0000000110859000] byte_map_base: 0x000000010ca58000

Marking Bits: (ParMarkBitMap*) 0x000000010f4efd20
 Begin Bits: [0x0000000124d1c000, 0x0000000128d1c000)
 End Bits:   [0x0000000128d1c000, 0x000000012cd1c000)

Polling page: 0x000000010dbfc000

CodeCache: size=245760Kb used=8079Kb max_used=8079Kb free=237680Kb
 bounds [0x0000000115d1c000, 0x000000011650c000, 0x0000000124d1c000]
 total_blobs=3281 nmethods=2558 adapters=644
 compilation: enabled

Compilation events (10 events):
Event: 8.891 Thread 0x00007fb705922000 2567       3       java.lang.invoke.MemberName::isField (7 bytes)
Event: 8.891 Thread 0x00007fb705922000 nmethod 2567 0x0000000116500050 code [0x00000001165001c0, 0x0000000116500430]
Event: 8.891 Thread 0x00007fb705922000 2568       3       java.lang.invoke.DirectMethodHandle::maybeCompile (18 bytes)
Event: 8.892 Thread 0x00007fb705922000 nmethod 2568 0x0000000116500510 code [0x00000001165006a0, 0x0000000116500958]
Event: 8.892 Thread 0x00007fb705922000 2569       3       java.lang.invoke.DirectMethodHandle::<init> (132 bytes)
Event: 8.893 Thread 0x00007fb705922000 nmethod 2569 0x0000000116500a90 code [0x0000000116500d60, 0x00000001165025b8]
Event: 8.923 Thread 0x00007fb705922000 2570       3       java.lang.Throwable::<init> (29 bytes)
Event: 8.923 Thread 0x00007fb705922000 nmethod 2570 0x0000000116502f50 code [0x00000001165030e0, 0x0000000116503668]
Event: 8.923 Thread 0x00007fb705922000 2571       3       jdk.internal.org.objectweb.asm.MethodVisitor::visitVarInsn (17 bytes)
Event: 8.923 Thread 0x00007fb705922000 nmethod 2571 0x00000001165037d0 code [0x0000000116503940, 0x0000000116503bc8]

GC Heap History (6 events):
Event: 1.180 GC heap before
{Heap before GC invocations=1 (full 0):
 PSYoungGen      total 76288K, used 65536K [0x000000076ab00000, 0x0000000770000000, 0x00000007c0000000)
  eden space 65536K, 100% used [0x000000076ab00000,0x000000076eb00000,0x000000076eb00000)
  from space 10752K, 0% used [0x000000076f580000,0x000000076f580000,0x0000000770000000)
  to   space 10752K, 0% used [0x000000076eb00000,0x000000076eb00000,0x000000076f580000)
 ParOldGen       total 175104K, used 0K [0x00000006c0000000, 0x00000006cab00000, 0x000000076ab00000)
  object space 175104K, 0% used [0x00000006c0000000,0x00000006c0000000,0x00000006cab00000)
 Metaspace       used 16258K, capacity 16828K, committed 17024K, reserved 1064960K
  class space    used 2188K, capacity 2316K, committed 2432K, reserved 1048576K
Event: 1.188 GC heap after
Heap after GC invocations=1 (full 0):
 PSYoungGen      total 76288K, used 8169K [0x000000076ab00000, 0x0000000770000000, 0x00000007c0000000)
  eden space 65536K, 0% used [0x000000076ab00000,0x000000076ab00000,0x000000076eb00000)
  from space 10752K, 75% used [0x000000076eb00000,0x000000076f2fa518,0x000000076f580000)
  to   space 10752K, 0% used [0x000000076f580000,0x000000076f580000,0x0000000770000000)
 ParOldGen       total 175104K, used 16K [0x00000006c0000000, 0x00000006cab00000, 0x000000076ab00000)
  object space 175104K, 0% used [0x00000006c0000000,0x00000006c0004000,0x00000006cab00000)
 Metaspace       used 16258K, capacity 16828K, committed 17024K, reserved 1064960K
  class space    used 2188K, capacity 2316K, committed 2432K, reserved 1048576K
}
Event: 1.518 GC heap before
{Heap before GC invocations=2 (full 0):
 PSYoungGen      total 76288K, used 49504K [0x000000076ab00000, 0x0000000770000000, 0x00000007c0000000)
  eden space 65536K, 63% used [0x000000076ab00000,0x000000076d35de08,0x000000076eb00000)
  from space 10752K, 75% used [0x000000076eb00000,0x000000076f2fa518,0x000000076f580000)
  to   space 10752K, 0% used [0x000000076f580000,0x000000076f580000,0x0000000770000000)
 ParOldGen       total 175104K, used 16K [0x00000006c0000000, 0x00000006cab00000, 0x000000076ab00000)
  object space 175104K, 0% used [0x00000006c0000000,0x00000006c0004000,0x00000006cab00000)
 Metaspace       used 20616K, capacity 21250K, committed 21296K, reserved 1067008K
  class space    used 2771K, capacity 2931K, committed 2944K, reserved 1048576K
Event: 1.528 GC heap after
Heap after GC invocations=2 (full 0):
 PSYoungGen      total 76288K, used 10441K [0x000000076ab00000, 0x0000000774000000, 0x00000007c0000000)
  eden space 65536K, 0% used [0x000000076ab00000,0x000000076ab00000,0x000000076eb00000)
  from space 10752K, 97% used [0x000000076f580000,0x000000076ffb2760,0x0000000770000000)
  to   space 10752K, 0% used [0x000000076eb00000,0x000000076eb00000,0x000000076f580000)
 ParOldGen       total 175104K, used 24K [0x00000006c0000000, 0x00000006cab00000, 0x000000076ab00000)
  object space 175104K, 0% used [0x00000006c0000000,0x00000006c0006000,0x00000006cab00000)
 Metaspace       used 20616K, capacity 21250K, committed 21296K, reserved 1067008K
  class space    used 2771K, capacity 2931K, committed 2944K, reserved 1048576K
}
Event: 1.528 GC heap before
{Heap before GC invocations=3 (full 1):
 PSYoungGen      total 76288K, used 10441K [0x000000076ab00000, 0x0000000774000000, 0x00000007c0000000)
  eden space 65536K, 0% used [0x000000076ab00000,0x000000076ab00000,0x000000076eb00000)
  from space 10752K, 97% used [0x000000076f580000,0x000000076ffb2760,0x0000000770000000)
  to   space 10752K, 0% used [0x000000076eb00000,0x000000076eb00000,0x000000076f580000)
 ParOldGen       total 175104K, used 24K [0x00000006c0000000, 0x00000006cab00000, 0x000000076ab00000)
  object space 175104K, 0% used [0x00000006c0000000,0x00000006c0006000,0x00000006cab00000)
 Metaspace       used 20616K, capacity 21250K, committed 21296K, reserved 1067008K
  class space    used 2771K, capacity 2931K, committed 2944K, reserved 1048576K
Event: 1.559 GC heap after
Heap after GC invocations=3 (full 1):
 PSYoungGen      total 76288K, used 0K [0x000000076ab00000, 0x0000000774000000, 0x00000007c0000000)
  eden space 65536K, 0% used [0x000000076ab00000,0x000000076ab00000,0x000000076eb00000)
  from space 10752K, 0% used [0x000000076f580000,0x000000076f580000,0x0000000770000000)
  to   space 10752K, 0% used [0x000000076eb00000,0x000000076eb00000,0x000000076f580000)
 ParOldGen       total 110592K, used 10127K [0x00000006c0000000, 0x00000006c6c00000, 0x000000076ab00000)
  object space 110592K, 9% used [0x00000006c0000000,0x00000006c09e3d00,0x00000006c6c00000)
 Metaspace       used 20597K, capacity 21220K, committed 21296K, reserved 1067008K
  class space    used 2768K, capacity 2926K, committed 2944K, reserved 1048576K
}

Deoptimization events (10 events):
Event: 1.568 Thread 0x00007fb70510c000 Uncommon trap: reason=unstable_if action=reinterpret pc=0x0000000116100ab4 method=java.lang.CharacterDataLatin1.digit(II)I @ 82
Event: 1.603 Thread 0x00007fb705bd2800 Uncommon trap: reason=class_check action=maybe_recompile pc=0x00000001161b58b8 method=java.util.regex.Pattern$Curly.match(Ljava/util/regex/Matcher;ILjava/lang/CharSequence;)Z @ 19
Event: 1.603 Thread 0x00007fb705bd2800 Uncommon trap: reason=class_check action=maybe_recompile pc=0x00000001161b58b8 method=java.util.regex.Pattern$Curly.match(Ljava/util/regex/Matcher;ILjava/lang/CharSequence;)Z @ 19
Event: 1.603 Thread 0x00007fb705bd2800 Uncommon trap: reason=class_check action=maybe_recompile pc=0x00000001161b58b8 method=java.util.regex.Pattern$Curly.match(Ljava/util/regex/Matcher;ILjava/lang/CharSequence;)Z @ 19
Event: 1.603 Thread 0x00007fb705bd2800 Uncommon trap: reason=class_check action=maybe_recompile pc=0x00000001161b58b8 method=java.util.regex.Pattern$Curly.match(Ljava/util/regex/Matcher;ILjava/lang/CharSequence;)Z @ 19
Event: 1.685 Thread 0x00007fb7030c3800 Uncommon trap: reason=unstable_if action=reinterpret pc=0x000000011618ee98 method=java.lang.CharacterData.of(I)Ljava/lang/CharacterData; @ 4
Event: 1.698 Thread 0x00007fb7030c3800 Uncommon trap: reason=unstable_if action=reinterpret pc=0x00000001161a14c8 method=java.io.UnixFileSystem.normalize(Ljava/lang/String;)Ljava/lang/String; @ 34
Event: 1.768 Thread 0x00007fb7030c3800 Uncommon trap: reason=class_check action=maybe_recompile pc=0x0000000116096a64 method=java.util.concurrent.ConcurrentHashMap.putVal(Ljava/lang/Object;Ljava/lang/Object;Z)Ljava/lang/Object; @ 192
Event: 2.053 Thread 0x00007fb7030c3800 Uncommon trap: reason=class_check action=maybe_recompile pc=0x0000000116096a64 method=java.util.concurrent.ConcurrentHashMap.putVal(Ljava/lang/Object;Ljava/lang/Object;Z)Ljava/lang/Object; @ 192
Event: 3.251 Thread 0x00007fb7030c3800 Uncommon trap: reason=unstable_if action=reinterpret pc=0x0000000115f9aab0 method=java.lang.String.substring(II)Ljava/lang/String; @ 36

Internal exceptions (10 events):
Event: 6.680 Thread 0x00007fb7030c3800 Exception <a 'java/lang/reflect/InvocationTargetException'> (0x000000076c3bf4b0) thrown at [/Users/java_re/workspace/8-2-build-macosx-x86_64/jdk8u111/7883/hotspot/src/share/vm/runtime/reflection.cpp, line 1092]
Event: 6.680 Thread 0x00007fb7030c3800 Exception <a 'java/security/PrivilegedActionException'> (0x000000076c3bfca0) thrown at [/Users/java_re/workspace/8-2-build-macosx-x86_64/jdk8u111/7883/hotspot/src/share/vm/prims/jvm.cpp, line 1386]
Event: 6.865 Thread 0x00007fb7030c3800 Exception <a 'java/lang/reflect/InvocationTargetException'> (0x000000076c3ce2a8) thrown at [/Users/java_re/workspace/8-2-build-macosx-x86_64/jdk8u111/7883/hotspot/src/share/vm/runtime/reflection.cpp, line 1092]
Event: 6.865 Thread 0x00007fb7030c3800 Exception <a 'java/security/PrivilegedActionException'> (0x000000076c3cea98) thrown at [/Users/java_re/workspace/8-2-build-macosx-x86_64/jdk8u111/7883/hotspot/src/share/vm/prims/jvm.cpp, line 1386]
Event: 7.015 Thread 0x00007fb7030c3800 Exception <a 'java/lang/reflect/InvocationTargetException'> (0x000000076c3de940) thrown at [/Users/java_re/workspace/8-2-build-macosx-x86_64/jdk8u111/7883/hotspot/src/share/vm/runtime/reflection.cpp, line 1092]
Event: 7.015 Thread 0x00007fb7030c3800 Exception <a 'java/security/PrivilegedActionException'> (0x000000076c3df130) thrown at [/Users/java_re/workspace/8-2-build-macosx-x86_64/jdk8u111/7883/hotspot/src/share/vm/prims/jvm.cpp, line 1386]
Event: 7.192 Thread 0x00007fb7030c3800 Exception <a 'java/lang/reflect/InvocationTargetException'> (0x000000076c3eaf30) thrown at [/Users/java_re/workspace/8-2-build-macosx-x86_64/jdk8u111/7883/hotspot/src/share/vm/runtime/reflection.cpp, line 1092]
Event: 7.192 Thread 0x00007fb7030c3800 Exception <a 'java/security/PrivilegedActionException'> (0x000000076c3eb720) thrown at [/Users/java_re/workspace/8-2-build-macosx-x86_64/jdk8u111/7883/hotspot/src/share/vm/prims/jvm.cpp, line 1386]
Event: 7.383 Thread 0x00007fb7030c3800 Exception <a 'java/lang/reflect/InvocationTargetException'> (0x000000076c3f9d30) thrown at [/Users/java_re/workspace/8-2-build-macosx-x86_64/jdk8u111/7883/hotspot/src/share/vm/runtime/reflection.cpp, line 1092]
Event: 7.383 Thread 0x00007fb7030c3800 Exception <a 'java/security/PrivilegedActionException'> (0x000000076c3fa520) thrown at [/Users/java_re/workspace/8-2-build-macosx-x86_64/jdk8u111/7883/hotspot/src/share/vm/prims/jvm.cpp, line 1386]

Events (10 events):
Event: 8.923 Thread 0x00007fb70494c800 Thread exited: 0x00007fb70494c800
Event: 8.923 Thread 0x00007fb705000800 Thread exited: 0x00007fb705000800
Event: 8.923 Thread 0x00007fb705000800 Thread added: 0x00007fb705000800
Event: 8.923 Thread 0x00007fb7030c3800 Thread exited: 0x00007fb7030c3800
Event: 9.940 Executing VM operation: ChangeBreakpoints
Event: 9.940 Executing VM operation: ChangeBreakpoints done
Event: 10.952 Thread 0x00007fb70296d000 Thread exited: 0x00007fb70296d000
Event: 11.387 Thread 0x00007fb70212a800 Thread exited: 0x00007fb70212a800
Event: 11.387 Thread 0x00007fb702a67800 Thread exited: 0x00007fb702a67800
Event: 11.405 Thread 0x00007fb702a67000 Thread exited: 0x00007fb702a67000


Dynamic libraries:
0x000000000e8df000 	/System/Library/Frameworks/Cocoa.framework/Versions/A/Cocoa
0x000000000e8df000 	/System/Library/Frameworks/Security.framework/Versions/A/Security
0x000000000e8df000 	/System/Library/Frameworks/ApplicationServices.framework/Versions/A/ApplicationServices
0x000000000e8df000 	/usr/lib/libz.1.dylib
0x000000000e8df000 	/usr/lib/libSystem.B.dylib
0x000000000e8df000 	/usr/lib/libobjc.A.dylib
0x000000000e8df000 	/System/Library/Frameworks/CoreFoundation.framework/Versions/A/CoreFoundation
0x000000000e8df000 	/System/Library/Frameworks/Foundation.framework/Versions/C/Foundation
0x000000000e8df000 	/System/Library/Frameworks/AppKit.framework/Versions/C/AppKit
0x000000000e8df000 	/System/Library/Frameworks/CoreData.framework/Versions/A/CoreData
0x000000000e8df000 	/System/Library/PrivateFrameworks/RemoteViewServices.framework/Versions/A/RemoteViewServices
0x000000000e8df000 	/System/Library/PrivateFrameworks/UIFoundation.framework/Versions/A/UIFoundation
0x000000000e8df000 	/System/Library/PrivateFrameworks/DFRFoundation.framework/Versions/A/DFRFoundation
0x000000000e8df000 	/usr/lib/libenergytrace.dylib
0x000000000e8df000 	/System/Library/PrivateFrameworks/SkyLight.framework/Versions/A/SkyLight
0x000000000e8df000 	/System/Library/Frameworks/CoreGraphics.framework/Versions/A/CoreGraphics
0x000000000e8df000 	/usr/lib/libScreenReader.dylib
0x000000000e8df000 	/System/Library/Frameworks/Accelerate.framework/Versions/A/Accelerate
0x000000000e8df000 	/System/Library/Frameworks/IOSurface.framework/Versions/A/IOSurface
0x000000000e8df000 	/System/Library/Frameworks/AudioToolbox.framework/Versions/A/AudioToolbox
0x000000000e8df000 	/System/Library/Frameworks/AudioUnit.framework/Versions/A/AudioUnit
0x000000000e8df000 	/System/Library/PrivateFrameworks/DataDetectorsCore.framework/Versions/A/DataDetectorsCore
0x000000000e8df000 	/System/Library/PrivateFrameworks/DesktopServicesPriv.framework/Versions/A/DesktopServicesPriv
0x000000000e8df000 	/System/Library/Frameworks/Carbon.framework/Versions/A/Frameworks/HIToolbox.framework/Versions/A/HIToolbox
0x000000000e8df000 	/usr/lib/libicucore.A.dylib
0x000000000e8df000 	/System/Library/Frameworks/QuartzCore.framework/Versions/A/QuartzCore
0x000000000e8df000 	/System/Library/Frameworks/Carbon.framework/Versions/A/Frameworks/SpeechRecognition.framework/Versions/A/SpeechRecognition
0x000000000e8df000 	/usr/lib/libauto.dylib
0x000000000e8df000 	/usr/lib/libxml2.2.dylib
0x000000000e8df000 	/System/Library/PrivateFrameworks/CoreUI.framework/Versions/A/CoreUI
0x000000000e8df000 	/System/Library/Frameworks/CoreAudio.framework/Versions/A/CoreAudio
0x000000000e8df000 	/System/Library/Frameworks/DiskArbitration.framework/Versions/A/DiskArbitration
0x000000000e8df000 	/usr/lib/liblangid.dylib
0x000000000e8df000 	/System/Library/PrivateFrameworks/MultitouchSupport.framework/Versions/A/MultitouchSupport
0x000000000e8df000 	/System/Library/Frameworks/IOKit.framework/Versions/A/IOKit
0x000000000e8df000 	/usr/lib/libDiagnosticMessagesClient.dylib
0x000000000e8df000 	/System/Library/Frameworks/CoreServices.framework/Versions/A/CoreServices
0x000000000e8df000 	/System/Library/PrivateFrameworks/PerformanceAnalysis.framework/Versions/A/PerformanceAnalysis
0x000000000e8df000 	/System/Library/PrivateFrameworks/GenerationalStorage.framework/Versions/A/GenerationalStorage
0x000000000e8df000 	/System/Library/Frameworks/OpenGL.framework/Versions/A/OpenGL
0x000000000e8df000 	/System/Library/Frameworks/CoreImage.framework/Versions/A/CoreImage
0x000000000e8df000 	/System/Library/Frameworks/CoreText.framework/Versions/A/CoreText
0x000000000e8df000 	/System/Library/Frameworks/ImageIO.framework/Versions/A/ImageIO
0x000000000e8df000 	/System/Library/PrivateFrameworks/Backup.framework/Versions/A/Backup
0x000000000e8df000 	/usr/lib/libarchive.2.dylib
0x000000000e8df000 	/System/Library/Frameworks/CFNetwork.framework/Versions/A/CFNetwork
0x000000000e8df000 	/System/Library/Frameworks/SystemConfiguration.framework/Versions/A/SystemConfiguration
0x000000000e8df000 	/usr/lib/libCRFSuite.dylib
0x000000000e8df000 	/usr/lib/libc++.1.dylib
0x000000000e8df000 	/usr/lib/libc++abi.dylib
0x000000000e8df000 	/usr/lib/system/libcache.dylib
0x000000000e8df000 	/usr/lib/system/libcommonCrypto.dylib
0x000000000e8df000 	/usr/lib/system/libcompiler_rt.dylib
0x000000000e8df000 	/usr/lib/system/libcopyfile.dylib
0x000000000e8df000 	/usr/lib/system/libcorecrypto.dylib
0x000000000e8df000 	/usr/lib/system/libdispatch.dylib
0x000000000e8df000 	/usr/lib/system/libdyld.dylib
0x000000000e8df000 	/usr/lib/system/libkeymgr.dylib
0x000000000e8df000 	/usr/lib/system/liblaunch.dylib
0x000000000e8df000 	/usr/lib/system/libmacho.dylib
0x000000000e8df000 	/usr/lib/system/libquarantine.dylib
0x000000000e8df000 	/usr/lib/system/libremovefile.dylib
0x000000000e8df000 	/usr/lib/system/libsystem_asl.dylib
0x000000000e8df000 	/usr/lib/system/libsystem_blocks.dylib
0x000000000e8df000 	/usr/lib/system/libsystem_c.dylib
0x000000000e8df000 	/usr/lib/system/libsystem_configuration.dylib
0x000000000e8df000 	/usr/lib/system/libsystem_coreservices.dylib
0x000000000e8df000 	/usr/lib/system/libsystem_coretls.dylib
0x000000000e8df000 	/usr/lib/system/libsystem_dnssd.dylib
0x000000000e8df000 	/usr/lib/system/libsystem_info.dylib
0x000000000e8df000 	/usr/lib/system/libsystem_kernel.dylib
0x000000000e8df000 	/usr/lib/system/libsystem_m.dylib
0x000000000e8df000 	/usr/lib/system/libsystem_malloc.dylib
0x000000000e8df000 	/usr/lib/system/libsystem_network.dylib
0x000000000e8df000 	/usr/lib/system/libsystem_networkextension.dylib
0x000000000e8df000 	/usr/lib/system/libsystem_notify.dylib
0x000000000e8df000 	/usr/lib/system/libsystem_platform.dylib
0x000000000e8df000 	/usr/lib/system/libsystem_pthread.dylib
0x000000000e8df000 	/usr/lib/system/libsystem_sandbox.dylib
0x000000000e8df000 	/usr/lib/system/libsystem_secinit.dylib
0x000000000e8df000 	/usr/lib/system/libsystem_symptoms.dylib
0x000000000e8df000 	/usr/lib/system/libsystem_trace.dylib
0x000000000e8df000 	/usr/lib/system/libunwind.dylib
0x000000000e8df000 	/usr/lib/system/libxpc.dylib
0x000000000e8df000 	/usr/lib/libbsm.0.dylib
0x000000000e8df000 	/usr/lib/system/libkxld.dylib
0x000000000e8df000 	/usr/lib/libcoretls.dylib
0x000000000e8df000 	/usr/lib/libcoretls_cfhelpers.dylib
0x000000000e8df000 	/usr/lib/libOpenScriptingUtil.dylib
0x000000000e8df000 	/usr/lib/libpam.2.dylib
0x000000000e8df000 	/usr/lib/libsqlite3.dylib
0x000000000e8df000 	/usr/lib/libxar.1.dylib
0x000000000e8df000 	/usr/lib/libbz2.1.0.dylib
0x000000000e8df000 	/usr/lib/liblzma.5.dylib
0x000000000e8df000 	/usr/lib/libnetwork.dylib
0x000000000e8df000 	/usr/lib/libpcap.A.dylib
0x000000000e8df000 	/System/Library/Frameworks/CoreServices.framework/Versions/A/Frameworks/FSEvents.framework/Versions/A/FSEvents
0x000000000e8df000 	/System/Library/Frameworks/CoreServices.framework/Versions/A/Frameworks/CarbonCore.framework/Versions/A/CarbonCore
0x000000000e8df000 	/System/Library/Frameworks/CoreServices.framework/Versions/A/Frameworks/Metadata.framework/Versions/A/Metadata
0x000000000e8df000 	/System/Library/Frameworks/CoreServices.framework/Versions/A/Frameworks/OSServices.framework/Versions/A/OSServices
0x000000000e8df000 	/System/Library/Frameworks/CoreServices.framework/Versions/A/Frameworks/SearchKit.framework/Versions/A/SearchKit
0x000000000e8df000 	/System/Library/Frameworks/CoreServices.framework/Versions/A/Frameworks/AE.framework/Versions/A/AE
0x000000000e8df000 	/System/Library/Frameworks/CoreServices.framework/Versions/A/Frameworks/LaunchServices.framework/Versions/A/LaunchServices
0x000000000e8df000 	/System/Library/Frameworks/CoreServices.framework/Versions/A/Frameworks/DictionaryServices.framework/Versions/A/DictionaryServices
0x000000000e8df000 	/System/Library/Frameworks/CoreServices.framework/Versions/A/Frameworks/SharedFileList.framework/Versions/A/SharedFileList
0x000000000e8df000 	/System/Library/Frameworks/NetFS.framework/Versions/A/NetFS
0x000000000e8df000 	/System/Library/PrivateFrameworks/NetAuth.framework/Versions/A/NetAuth
0x000000000e8df000 	/System/Library/PrivateFrameworks/login.framework/Versions/A/Frameworks/loginsupport.framework/Versions/A/loginsupport
0x000000000e8df000 	/System/Library/PrivateFrameworks/TCC.framework/Versions/A/TCC
0x000000000e8df000 	/usr/lib/libmecabra.dylib
0x000000000e8df000 	/System/Library/Frameworks/ApplicationServices.framework/Versions/A/Frameworks/ATS.framework/Versions/A/ATS
0x000000000e8df000 	/System/Library/Frameworks/ApplicationServices.framework/Versions/A/Frameworks/ColorSync.framework/Versions/A/ColorSync
0x000000000e8df000 	/System/Library/Frameworks/ApplicationServices.framework/Versions/A/Frameworks/HIServices.framework/Versions/A/HIServices
0x000000000e8df000 	/System/Library/Frameworks/ApplicationServices.framework/Versions/A/Frameworks/LangAnalysis.framework/Versions/A/LangAnalysis
0x000000000e8df000 	/System/Library/Frameworks/ApplicationServices.framework/Versions/A/Frameworks/PrintCore.framework/Versions/A/PrintCore
0x000000000e8df000 	/System/Library/Frameworks/ApplicationServices.framework/Versions/A/Frameworks/QD.framework/Versions/A/QD
0x000000000e8df000 	/System/Library/Frameworks/ApplicationServices.framework/Versions/A/Frameworks/SpeechSynthesis.framework/Versions/A/SpeechSynthesis
0x000000000e8df000 	/System/Library/Frameworks/Accelerate.framework/Versions/A/Frameworks/vImage.framework/Versions/A/vImage
0x000000000e8df000 	/System/Library/Frameworks/Accelerate.framework/Versions/A/Frameworks/vecLib.framework/Versions/A/vecLib
0x000000000e8df000 	/System/Library/Frameworks/Accelerate.framework/Versions/A/Frameworks/vecLib.framework/Versions/A/libvDSP.dylib
0x000000000e8df000 	/System/Library/Frameworks/Accelerate.framework/Versions/A/Frameworks/vecLib.framework/Versions/A/libBNNS.dylib
0x000000000e8df000 	/System/Library/Frameworks/Accelerate.framework/Versions/A/Frameworks/vecLib.framework/Versions/A/libQuadrature.dylib
0x000000000e8df000 	/System/Library/Frameworks/Accelerate.framework/Versions/A/Frameworks/vecLib.framework/Versions/A/libvMisc.dylib
0x000000000e8df000 	/System/Library/Frameworks/Accelerate.framework/Versions/A/Frameworks/vecLib.framework/Versions/A/libLAPACK.dylib
0x000000000e8df000 	/System/Library/Frameworks/Accelerate.framework/Versions/A/Frameworks/vecLib.framework/Versions/A/libBLAS.dylib
0x000000000e8df000 	/System/Library/Frameworks/Accelerate.framework/Versions/A/Frameworks/vecLib.framework/Versions/A/libLinearAlgebra.dylib
0x000000000e8df000 	/System/Library/Frameworks/Accelerate.framework/Versions/A/Frameworks/vecLib.framework/Versions/A/libSparseBLAS.dylib
0x000000000e8df000 	/System/Library/Frameworks/ApplicationServices.framework/Versions/A/Frameworks/ATS.framework/Versions/A/Resources/libFontParser.dylib
0x000000000e8df000 	/System/Library/Frameworks/ApplicationServices.framework/Versions/A/Frameworks/ATS.framework/Versions/A/Resources/libFontRegistry.dylib
0x000000000e8df000 	/System/Library/Frameworks/ImageIO.framework/Versions/A/Resources/libJPEG.dylib
0x000000000e8df000 	/System/Library/Frameworks/ImageIO.framework/Versions/A/Resources/libTIFF.dylib
0x000000000e8df000 	/System/Library/Frameworks/ImageIO.framework/Versions/A/Resources/libPng.dylib
0x000000000e8df000 	/System/Library/Frameworks/ImageIO.framework/Versions/A/Resources/libGIF.dylib
0x000000000e8df000 	/System/Library/Frameworks/ImageIO.framework/Versions/A/Resources/libJP2.dylib
0x000000000e8df000 	/System/Library/Frameworks/ImageIO.framework/Versions/A/Resources/libRadiance.dylib
0x000000000e8df000 	/usr/lib/libcompression.dylib
0x000000000e8df000 	/System/Library/PrivateFrameworks/AppleJPEG.framework/Versions/A/AppleJPEG
0x000000000e8df000 	/usr/lib/libcups.2.dylib
0x000000000e8df000 	/System/Library/Frameworks/Kerberos.framework/Versions/A/Kerberos
0x000000000e8df000 	/System/Library/Frameworks/GSS.framework/Versions/A/GSS
0x000000000e8df000 	/usr/lib/libresolv.9.dylib
0x000000000e8df000 	/usr/lib/libiconv.2.dylib
0x000000000e8df000 	/System/Library/PrivateFrameworks/Heimdal.framework/Versions/A/Heimdal
0x000000000e8df000 	/usr/lib/libheimdal-asn1.dylib
0x000000000e8df000 	/System/Library/Frameworks/OpenDirectory.framework/Versions/A/OpenDirectory
0x000000000e8df000 	/System/Library/PrivateFrameworks/CommonAuth.framework/Versions/A/CommonAuth
0x000000000e8df000 	/System/Library/Frameworks/OpenDirectory.framework/Versions/A/Frameworks/CFOpenDirectory.framework/Versions/A/CFOpenDirectory
0x000000000e8df000 	/System/Library/Frameworks/SecurityFoundation.framework/Versions/A/SecurityFoundation
0x000000000e8df000 	/System/Library/PrivateFrameworks/LanguageModeling.framework/Versions/A/LanguageModeling
0x000000000e8df000 	/usr/lib/libmarisa.dylib
0x000000000e8df000 	/usr/lib/libChineseTokenizer.dylib
0x000000000e8df000 	/usr/lib/libcmph.dylib
0x000000000e8df000 	/System/Library/PrivateFrameworks/CoreEmoji.framework/Versions/A/CoreEmoji
0x000000000e8df000 	/System/Library/Frameworks/ServiceManagement.framework/Versions/A/ServiceManagement
0x000000000e8df000 	/usr/lib/libxslt.1.dylib
0x000000000e8df000 	/System/Library/Frameworks/Carbon.framework/Versions/A/Frameworks/Ink.framework/Versions/A/Ink
0x000000000e8df000 	/System/Library/PrivateFrameworks/TextureIO.framework/Versions/A/TextureIO
0x000000000e8df000 	/System/Library/Frameworks/Metal.framework/Versions/A/Metal
0x000000000e8df000 	/usr/lib/libate.dylib
0x000000000e8df000 	/System/Library/PrivateFrameworks/GPUCompiler.framework/libmetal_timestamp.dylib
0x000000000e8df000 	/System/Library/Frameworks/OpenGL.framework/Versions/A/Libraries/libCoreFSCache.dylib
0x000000000e8df000 	/System/Library/PrivateFrameworks/IOAccelerator.framework/Versions/A/IOAccelerator
0x000000000e8df000 	/System/Library/Frameworks/CoreVideo.framework/Versions/A/CoreVideo
0x000000000e8df000 	/usr/lib/libFosl_dynamic.dylib
0x000000000e8df000 	/System/Library/PrivateFrameworks/MetalPerformanceShaders.framework/Versions/A/MetalPerformanceShaders
0x000000000e8df000 	/System/Library/PrivateFrameworks/FaceCore.framework/Versions/A/FaceCore
0x000000000e8df000 	/System/Library/Frameworks/OpenCL.framework/Versions/A/OpenCL
0x000000000e8df000 	/System/Library/Frameworks/OpenGL.framework/Versions/A/Libraries/libGLU.dylib
0x000000000e8df000 	/System/Library/Frameworks/OpenGL.framework/Versions/A/Libraries/libGFXShared.dylib
0x000000000e8df000 	/System/Library/Frameworks/OpenGL.framework/Versions/A/Libraries/libGL.dylib
0x000000000e8df000 	/System/Library/Frameworks/OpenGL.framework/Versions/A/Libraries/libGLImage.dylib
0x000000000e8df000 	/System/Library/Frameworks/OpenGL.framework/Versions/A/Libraries/libCVMSPluginSupport.dylib
0x000000000e8df000 	/System/Library/Frameworks/OpenGL.framework/Versions/A/Libraries/libCoreVMClient.dylib
0x000000000e8df000 	/System/Library/PrivateFrameworks/CrashReporterSupport.framework/Versions/A/CrashReporterSupport
0x000000000e8df000 	/System/Library/PrivateFrameworks/Sharing.framework/Versions/A/Sharing
0x000000000e8df000 	/System/Library/PrivateFrameworks/IconServices.framework/Versions/A/IconServices
0x000000000e8df000 	/System/Library/PrivateFrameworks/ProtocolBuffer.framework/Versions/A/ProtocolBuffer
0x000000000e8df000 	/System/Library/PrivateFrameworks/Apple80211.framework/Versions/A/Apple80211
0x000000000e8df000 	/System/Library/Frameworks/CoreWLAN.framework/Versions/A/CoreWLAN
0x000000000e8df000 	/System/Library/PrivateFrameworks/CoreUtils.framework/Versions/A/CoreUtils
0x000000000e8df000 	/System/Library/Frameworks/IOBluetooth.framework/Versions/A/IOBluetooth
0x000000000e8df000 	/System/Library/PrivateFrameworks/CoreWiFi.framework/Versions/A/CoreWiFi
0x000000000e8df000 	/System/Library/Frameworks/CoreBluetooth.framework/Versions/A/CoreBluetooth
0x000000000e8df000 	/System/Library/Frameworks/CoreDisplay.framework/Versions/A/CoreDisplay
0x000000000e8df000 	/System/Library/PrivateFrameworks/IOPresentment.framework/Versions/A/IOPresentment
0x000000000e8df000 	/System/Library/PrivateFrameworks/DSExternalDisplay.framework/Versions/A/DSExternalDisplay
0x000000000e8df000 	/System/Library/PrivateFrameworks/DebugSymbols.framework/Versions/A/DebugSymbols
0x000000000e8df000 	/System/Library/PrivateFrameworks/CoreSymbolication.framework/Versions/A/CoreSymbolication
0x000000000e8df000 	/System/Library/PrivateFrameworks/Symbolication.framework/Versions/A/Symbolication
0x000000000e8df000 	/System/Library/PrivateFrameworks/AppleFSCompression.framework/Versions/A/AppleFSCompression
0x000000000e8df000 	/System/Library/PrivateFrameworks/SpeechRecognitionCore.framework/Versions/A/SpeechRecognitionCore
0x000000000e8df000 	/System/Library/PrivateFrameworks/ChunkingLibrary.framework/Versions/A/ChunkingLibrary
0x000000010ec00000 	/Library/Java/JavaVirtualMachines/jdk1.8.0_111.jdk/Contents/Home/jre/lib/server/libjvm.dylib
0x000000000e8df000 	/usr/lib/libstdc++.6.dylib
0x000000010fba1000 	/Library/Java/JavaVirtualMachines/jdk1.8.0_111.jdk/Contents/Home/jre/lib/libverify.dylib
0x000000010fbaf000 	/Library/Java/JavaVirtualMachines/jdk1.8.0_111.jdk/Contents/Home/jre/lib/libjava.dylib
0x000000010fbe4000 	/Library/Java/JavaVirtualMachines/jdk1.8.0_111.jdk/Contents/Home/jre/lib/libjdwp.dylib
0x000000010fc2f000 	/Library/Java/JavaVirtualMachines/jdk1.8.0_111.jdk/Contents/Home/jre/lib/libnpt.dylib
0x000000010fc33000 	/Library/Java/JavaVirtualMachines/jdk1.8.0_111.jdk/Contents/Home/jre/lib/libinstrument.dylib
0x000000010fc8f000 	/Library/Java/JavaVirtualMachines/jdk1.8.0_111.jdk/Contents/Home/jre/lib/libzip.dylib
0x0000000113d26000 	/System/Library/Frameworks/JavaVM.framework/Frameworks/JavaRuntimeSupport.framework/JavaRuntimeSupport
0x0000000113d40000 	/System/Library/Frameworks/JavaVM.framework/Versions/A/Frameworks/JavaNativeFoundation.framework/Versions/A/JavaNativeFoundation
0x0000000113d55000 	/System/Library/Frameworks/JavaVM.framework/Versions/A/JavaVM
0x000000000e8df000 	/System/Library/Frameworks/Carbon.framework/Versions/A/Carbon
0x0000000113d62000 	/System/Library/PrivateFrameworks/JavaLaunching.framework/Versions/A/JavaLaunching
0x000000000e8df000 	/System/Library/Frameworks/Carbon.framework/Versions/A/Frameworks/CommonPanels.framework/Versions/A/CommonPanels
0x000000000e8df000 	/System/Library/Frameworks/Carbon.framework/Versions/A/Frameworks/Help.framework/Versions/A/Help
0x000000000e8df000 	/System/Library/Frameworks/Carbon.framework/Versions/A/Frameworks/ImageCapture.framework/Versions/A/ImageCapture
0x000000000e8df000 	/System/Library/Frameworks/Carbon.framework/Versions/A/Frameworks/OpenScripting.framework/Versions/A/OpenScripting
0x000000000e8df000 	/System/Library/Frameworks/Carbon.framework/Versions/A/Frameworks/Print.framework/Versions/A/Print
0x000000000e8df000 	/System/Library/Frameworks/Carbon.framework/Versions/A/Frameworks/SecurityHI.framework/Versions/A/SecurityHI
0x000000011566f000 	/Library/Java/JavaVirtualMachines/jdk1.8.0_111.jdk/Contents/Home/jre/lib/libdt_socket.dylib
0x00000001159dc000 	/Library/Java/JavaVirtualMachines/jdk1.8.0_111.jdk/Contents/Home/jre/lib/libprism_es2.dylib
0x000000000e8df000 	/System/Library/Frameworks/OpenGL.framework/Versions/A/Resources/GLEngine.bundle/GLEngine
0x000000000e8df000 	/System/Library/Frameworks/OpenGL.framework/Versions/A/Libraries/libGLProgrammability.dylib
0x000000012cd1c000 	/System/Library/Extensions/AppleIntelHD4000GraphicsGLDriver.bundle/Contents/MacOS/AppleIntelHD4000GraphicsGLDriver
0x000000000e8df000 	/System/Library/PrivateFrameworks/GPUSupport.framework/Versions/A/Libraries/libGPUSupportMercury.dylib
0x000000000e8df000 	/System/Library/Extensions/GeForceGLDriver.bundle/Contents/MacOS/GeForceGLDriver
0x000000000e8df000 	/System/Library/Extensions/GeForceGLDriver.bundle/Contents/MacOS/libclh.dylib
0x000000000e8df000 	/System/Library/Frameworks/OpenGL.framework/Versions/A/Resources/GLRendererFloat.bundle/GLRendererFloat
0x000000000e8df000 	/System/Library/Frameworks/OpenCL.framework/Versions/A/Libraries/libcldcpuengine.dylib
0x000000000e8df000 	/usr/lib/libcrypto.0.9.8.dylib
0x000000000e8df000 	/System/Library/PrivateFrameworks/TrustEvaluationAgent.framework/Versions/A/TrustEvaluationAgent
0x000000012d328000 	/Library/Java/JavaVirtualMachines/jdk1.8.0_111.jdk/Contents/Home/jre/lib/libglass.dylib
0x000000000e8df000 	/System/Library/PrivateFrameworks/CoreServicesInternal.framework/Versions/A/CoreServicesInternal
0x000000000e8df000 	/System/Library/CoreServices/RawCamera.bundle/Contents/MacOS/RawCamera
0x000000000e8df000 	/System/Library/Frameworks/Accelerate.framework/Versions/A/Frameworks/vImage.framework/Versions/A/Libraries/libCGInterfaces.dylib
0x000000000e8df000 	/System/Library/PrivateFrameworks/FamilyControls.framework/Versions/A/FamilyControls
0x000000000e8df000 	/System/Library/PrivateFrameworks/CommerceKit.framework/Versions/A/Frameworks/CommerceCore.framework/Versions/A/CommerceCore
0x000000000e8df000 	/System/Library/PrivateFrameworks/SystemAdministration.framework/Versions/A/SystemAdministration
0x000000000e8df000 	/System/Library/PrivateFrameworks/AppContainer.framework/Versions/A/AppContainer
0x000000000e8df000 	/System/Library/PrivateFrameworks/SecCodeWrapper.framework/Versions/A/SecCodeWrapper
0x000000000e8df000 	/System/Library/Frameworks/DirectoryService.framework/Versions/A/DirectoryService
0x000000000e8df000 	/System/Library/PrivateFrameworks/DiskImages.framework/Versions/A/DiskImages
0x000000000e8df000 	/System/Library/PrivateFrameworks/LoginUIKit.framework/Versions/A/Frameworks/LoginUICore.framework/Versions/A/LoginUICore
0x000000000e8df000 	/usr/lib/libCoreStorage.dylib
0x000000000e8df000 	/usr/lib/libcsfde.dylib
0x000000000e8df000 	/usr/lib/libodfde.dylib
0x000000000e8df000 	/System/Library/Frameworks/DiscRecording.framework/Versions/A/DiscRecording
0x000000000e8df000 	/usr/lib/libcurl.4.dylib
0x000000000e8df000 	/System/Library/PrivateFrameworks/MediaKit.framework/Versions/A/MediaKit
0x000000000e8df000 	/System/Library/PrivateFrameworks/ProtectedCloudStorage.framework/Versions/A/ProtectedCloudStorage
0x000000000e8df000 	/System/Library/PrivateFrameworks/EFILogin.framework/Versions/A/EFILogin
0x000000000e8df000 	/usr/lib/libutil.dylib
0x000000000e8df000 	/System/Library/Frameworks/LDAP.framework/Versions/A/LDAP
0x000000000e8df000 	/usr/lib/libsasl2.2.dylib
0x000000000e8df000 	/System/Library/PrivateFrameworks/CoreDaemon.framework/Versions/B/CoreDaemon
0x000000000e8df000 	/System/Library/PrivateFrameworks/AppleSRP.framework/Versions/A/AppleSRP
0x000000000e8df000 	/System/Library/PrivateFrameworks/APFS.framework/Versions/A/APFS
0x0000000131162000 	/Library/Java/JavaVirtualMachines/jdk1.8.0_111.jdk/Contents/Home/jre/lib/libjfxwebkit.dylib
0x0000000133830000 	/Library/Java/JavaVirtualMachines/jdk1.8.0_111.jdk/Contents/Home/jre/lib/libnio.dylib
0x0000000133840000 	/Library/Java/JavaVirtualMachines/jdk1.8.0_111.jdk/Contents/Home/jre/lib/./libnet.dylib
0x0000000133b3c000 	/Library/Java/JavaVirtualMachines/jdk1.8.0_111.jdk/Contents/Home/jre/lib/libmanagement.dylib
0x0000000133b4a000 	/Library/Java/JavaVirtualMachines/jdk1.8.0_111.jdk/Contents/Home/jre/lib/libjavafx_font.dylib
0x0000000133f31000 	/Library/Java/JavaVirtualMachines/jdk1.8.0_111.jdk/Contents/Home/jre/lib/libsunec.dylib
0x000000000e8df000 	/System/Library/Frameworks/ApplicationServices.framework/Versions/A/Frameworks/ATS.framework/Versions/A/Resources/libTrueTypeScaler.dylib
0x000000000e8df000 	/System/Library/Extensions/GeForceMTLDriver.bundle/Contents/MacOS/GeForceMTLDriver
0x0000000136c57000 	/System/Library/Extensions/AppleIntelHD4000GraphicsMTLDriver.bundle/Contents/MacOS/AppleIntelHD4000GraphicsMTLDriver
0x000000000e8df000 	/System/Library/PrivateFrameworks/ViewBridge.framework/Versions/A/ViewBridge
0x000000000e8df000 	/System/Library/PrivateFrameworks/XPCService.framework/Versions/A/XPCService
0x000000000e8df000 	/System/Library/PrivateFrameworks/AppSandbox.framework/Versions/A/AppSandbox
0x000000000e8df000 	/usr/lib/libsandbox.1.dylib
0x000000000e8df000 	/usr/lib/libMatch.1.dylib
0x0000000139ee0000 	/Library/Java/JavaVirtualMachines/jdk1.8.0_111.jdk/Contents/Home/jre/lib/libprism_common.dylib

VM Arguments:
jvm_args: -agentlib:jdwp=transport=dt_socket,address=127.0.0.1:55408,suspend=y,server=n -javaagent:/Users/carlotheunissen/Library/Caches/IntelliJIdea2017.3/captureAgent/debugger-agent.jar=/private/var/folders/zb/6j75x2v13b13rrlnv2bfgjzw0000gn/T/capture.props -Dfile.encoding=UTF-8 
java_command: checkFrontend.CheckFrontend
java_class_path (initial): /Library/Java/JavaVirtualMachines/jdk1.8.0_111.jdk/Contents/Home/jre/lib/charsets.jar:/Library/Java/JavaVirtualMachines/jdk1.8.0_111.jdk/Contents/Home/jre/lib/deploy.jar:/Library/Java/JavaVirtualMachines/jdk1.8.0_111.jdk/Contents/Home/jre/lib/ext/cldrdata.jar:/Library/Java/JavaVirtualMachines/jdk1.8.0_111.jdk/Contents/Home/jre/lib/ext/dnsns.jar:/Library/Java/JavaVirtualMachines/jdk1.8.0_111.jdk/Contents/Home/jre/lib/ext/jaccess.jar:/Library/Java/JavaVirtualMachines/jdk1.8.0_111.jdk/Contents/Home/jre/lib/ext/jfxrt.jar:/Library/Java/JavaVirtualMachines/jdk1.8.0_111.jdk/Contents/Home/jre/lib/ext/localedata.jar:/Library/Java/JavaVirtualMachines/jdk1.8.0_111.jdk/Contents/Home/jre/lib/ext/nashorn.jar:/Library/Java/JavaVirtualMachines/jdk1.8.0_111.jdk/Contents/Home/jre/lib/ext/sunec.jar:/Library/Java/JavaVirtualMachines/jdk1.8.0_111.jdk/Contents/Home/jre/lib/ext/sunjce_provider.jar:/Library/Java/JavaVirtualMachines/jdk1.8.0_111.jdk/Contents/Home/jre/lib/ext/sunpkcs11.jar:/Library/Java/JavaVirtualMachines/jdk1.8.0_111.jdk/Contents/Home/jre/lib/ext/zipfs.jar:/Library/Java/JavaVirtualMachines/jdk1.8.0_111.jdk/Contents/Home/jre/lib/javaws.jar:/Library/Java/JavaVirtualMachines/jdk1.8.0_111.jdk/Contents/Home/jre/lib/jce.jar:/Library/Java/JavaVirtualMachines/jdk1.8.0_111.jdk/Contents/Home/jre/lib/jfr.jar:/Library/Java/JavaVirtualMachines/jdk1.8.0_111.jdk/Contents/Home/jre/lib/jfxswt.jar:/Library/Java/JavaVirtualMachines/jdk1.8.0_111.jdk/Contents/Home/jre/lib/jsse.jar:/Library/Java/JavaVirtualMachines/jdk1.8.0_111.jdk/Contents/Home/jre/lib/management-agent.jar:/Library/Java/JavaVirtualMachines/jdk1.8.0_111.jdk/Contents/Home/jre/lib/plugin.jar:/Library/Java/JavaVirtualMachines/jdk1.8.0_111.jdk/Contents/Home/jre/lib/resources.jar:/Library/Java/JavaVirtualMachines/jdk1.8.0_111.jdk/Contents/Home/jre/lib/rt.jar:/Library/Java/JavaVirtualMachines/jdk1.8.0_111.jdk/Contents/Home/lib/ant-javafx.jar:/Library/Java/JavaVirtualMachines/jdk1.8.0_111.jdk/Contents/Home
Launcher Type: SUN_STANDARD

Environment Variables:
JAVA_HOME=/Library/Java/Home
PATH=/Users/carlotheunissen/bin:/Users/carlotheunissen/.zplug/bin:/usr/local/bin:/usr/bin:/bin:/usr/sbin:/sbin:/opt/X11/bin:/usr/local/share/dotnet:/Library/Frameworks/Mono.framework/Versions/Current/Commands
SHELL=/bin/zsh
DISPLAY=/private/tmp/com.apple.launchd.5CDQYPwSQU/org.macosforge.xquartz:0

Signal Handlers:
SIGSEGV: [libjvm.dylib+0x5b03ed], sa_mask[0]=11111111011111110111111111111111, sa_flags=SA_ONSTACK|SA_RESTART|SA_SIGINFO
SIGBUS: [libjvm.dylib+0x5b03ed], sa_mask[0]=11111111011111110111111111111111, sa_flags=SA_RESTART|SA_SIGINFO
SIGFPE: [libjvm.dylib+0x48711c], sa_mask[0]=11111111011111110111111111111111, sa_flags=SA_RESTART|SA_SIGINFO
SIGPIPE: [libjvm.dylib+0x48711c], sa_mask[0]=11111111011111110111111111111111, sa_flags=SA_RESTART|SA_SIGINFO
SIGXFSZ: [libjvm.dylib+0x48711c], sa_mask[0]=11111111011111110111111111111111, sa_flags=SA_RESTART|SA_SIGINFO
SIGILL: [libjvm.dylib+0x48711c], sa_mask[0]=11111111011111110111111111111111, sa_flags=SA_RESTART|SA_SIGINFO
SIGUSR1: SIG_DFL, sa_mask[0]=00000000000000000000000000000000, sa_flags=none
SIGUSR2: [libjvm.dylib+0x486c3a], sa_mask[0]=00100000000000000000000000000000, sa_flags=SA_RESTART|SA_SIGINFO
SIGHUP: [libjvm.dylib+0x485211], sa_mask[0]=11111111011111110111111111111111, sa_flags=SA_RESTART|SA_SIGINFO
SIGINT: [libjvm.dylib+0x485211], sa_mask[0]=11111111011111110111111111111111, sa_flags=SA_RESTART|SA_SIGINFO
SIGTERM: [libjvm.dylib+0x485211], sa_mask[0]=11111111011111110111111111111111, sa_flags=SA_RESTART|SA_SIGINFO
SIGQUIT: [libjvm.dylib+0x485211], sa_mask[0]=11111111011111110111111111111111, sa_flags=SA_RESTART|SA_SIGINFO


---------------  S Y S T E M  ---------------

OS:Bsduname:Darwin 16.7.0 Darwin Kernel Version 16.7.0: Thu Jan 11 22:59:40 PST 2018; root:xnu-3789.73.8~1/RELEASE_X86_64 x86_64
rlimit: STACK 8192k, CORE 0k, NPROC 709, NOFILE 10240, AS infinity
load average:3.68 3.32 3.19

CPU:total 8 (4 cores per cpu, 2 threads per core) family 6 model 58 stepping 9, cmov, cx8, fxsr, mmx, sse, sse2, sse3, ssse3, sse4.1, sse4.2, popcnt, avx, aes, clmul, erms, ht, tsc, tscinvbit, tscinv

Memory: 4k page, physical 16777216k(1112744k free)

/proc/meminfo:


vm_info: Java HotSpot(TM) 64-Bit Server VM (25.111-b14) for bsd-amd64 JRE (1.8.0_111-b14), built on Sep 22 2016 15:31:41 by "java_re" with gcc 4.2.1 (Based on Apple Inc. build 5658) (LLVM build 2336.11.00)

time: Sun Jun  3 18:12:36 2018
elapsed time: 12 seconds (0d 0h 0m 12s)

